<?xml version="1.0" encoding="UTF-8"?>
<!-- Generated by org.testng.reporters.JUnitReportReporter -->
<testsuite skipped="0" hostname="DESKTOP-LUCM8QV" name="com.self.fb.org.testscript.TestScript" tests="1" failures="0" timestamp="18 Nov 2018 20:20:59 GMT" time="13.855" errors="0">
  <testcase name="loginTest" time="13.855" classname="com.self.fb.org.testscript.TestScript"/>
</testsuite> <!-- com.self.fb.org.testscript.TestScript -->
